2018-09-29 13:24:33,950 - framework - WARNING - aa
2018-09-29 13:24:37,452 - framework - WARNING - aa
2018-09-29 13:25:06,230 - framework - WARNING - aa
2018-09-29 13:25:17,583 - framework - INFO - assssa
2018-09-29 14:12:02,969 - framework - INFO - 打开http://www.baidu.com
2018-09-29 14:12:03,130 - framework - INFO - 搜索输入框输入内容
2018-09-29 14:12:03,130 - framework - INFO - 输入我我我我我我我123
2018-09-29 14:12:03,408 - framework - INFO - 点击搜索按钮
2018-09-29 14:12:03,408 - framework - INFO - 页面进入搜索结果页
2018-09-29 14:12:09,937 - framework - INFO - 打开http://www.baidu.com
2018-09-29 14:12:10,107 - framework - INFO - 搜索输入框输入内容
2018-09-29 14:12:10,107 - framework - INFO - 输入slenium
2018-09-29 14:12:10,457 - framework - INFO - 点击搜索按钮
2018-09-29 14:12:10,457 - framework - INFO - 页面进入搜索结果页
2018-09-29 14:24:06,803 - framework - INFO - *****开始执行测试*****
2018-09-29 14:24:10,762 - framework - INFO - 打开http://www.baidu.com
2018-09-29 14:24:10,919 - framework - INFO - 搜索输入框输入内容
2018-09-29 14:24:10,919 - framework - INFO - 输入我我我我我我我123
2018-09-29 14:24:11,185 - framework - INFO - 点击搜索按钮
2018-09-29 14:24:11,185 - framework - INFO - 页面进入搜索结果页
2018-09-29 14:24:16,862 - framework - INFO - 打开http://www.baidu.com
2018-09-29 14:24:17,006 - framework - INFO - 搜索输入框输入内容
2018-09-29 14:24:17,006 - framework - INFO - 输入slenium
2018-09-29 14:24:17,772 - framework - INFO - 点击搜索按钮
2018-09-29 14:24:17,772 - framework - INFO - 页面进入搜索结果页
2018-09-29 14:24:19,794 - framework - INFO - ******测试结束******
2018-09-29 14:24:19,828 - framework - INFO - attach file /Users/xuyang/PycharmProjects/Testframework/report//report.html
2018-09-29 14:24:20,059 - framework - INFO - 发送邮件"测试报告"成功! 收件人：342509492@qq.com。如果没有收到邮件，请检查垃圾箱，同时检查收件人地址是否正确
2018-09-29 14:27:36,696 - framework - INFO - *****开始执行测试*****
2018-09-29 14:27:40,422 - framework - INFO - 打开http://www.baidu.com
2018-09-29 14:27:40,562 - framework - INFO - 搜索输入框输入内容
2018-09-29 14:27:40,562 - framework - INFO - 输入我我我我我我我123
2018-09-29 14:27:41,293 - framework - INFO - 点击搜索按钮
2018-09-29 14:27:41,293 - framework - INFO - 页面进入搜索结果页
2018-09-29 14:27:47,101 - framework - INFO - 打开http://www.baidu.com
2018-09-29 14:27:47,248 - framework - INFO - 搜索输入框输入内容
2018-09-29 14:27:47,248 - framework - INFO - 输入slenium
2018-09-29 14:27:47,978 - framework - INFO - 点击搜索按钮
2018-09-29 14:27:47,978 - framework - INFO - 页面进入搜索结果页
2018-09-29 14:27:49,706 - framework - INFO - ******测试结束******
2018-09-29 14:27:49,741 - framework - INFO - attach file /Users/xuyang/PycharmProjects/Testframework/report//uireport20180929Sep091538202456.html
2018-09-29 14:27:49,900 - framework - INFO - 发送邮件"测试报告"成功! 收件人：342509492@qq.com。如果没有收到邮件，请检查垃圾箱，同时检查收件人地址是否正确
2018-09-29 14:29:10,079 - framework - INFO - *****开始执行测试*****
2018-09-29 14:29:15,973 - framework - INFO - 打开http://www.baidu.com
2018-09-29 14:29:16,170 - framework - INFO - 搜索输入框输入内容
2018-09-29 14:29:16,170 - framework - INFO - 输入我我我我我我我123
2018-09-29 14:29:16,641 - framework - INFO - 点击搜索按钮
2018-09-29 14:29:16,642 - framework - INFO - 页面进入搜索结果页
2018-09-29 14:29:23,173 - framework - INFO - 打开http://www.baidu.com
2018-09-29 14:29:23,315 - framework - INFO - 搜索输入框输入内容
2018-09-29 14:29:23,316 - framework - INFO - 输入slenium
2018-09-29 14:29:23,654 - framework - INFO - 点击搜索按钮
2018-09-29 14:29:23,654 - framework - INFO - 页面进入搜索结果页
2018-09-29 14:29:24,979 - framework - INFO - ******测试结束******
2018-09-29 14:29:25,014 - framework - INFO - attach file /Users/xuyang/PycharmProjects/Testframework/report//UItestReport20180929-141410.html
2018-09-29 14:29:25,158 - framework - INFO - 发送邮件"测试报告"成功! 收件人：342509492@qq.com。如果没有收到邮件，请检查垃圾箱，同时检查收件人地址是否正确
2018-09-29 15:09:27,856 - framework - INFO - *****开始执行测试*****
2018-09-29 15:09:33,116 - framework - INFO - 打开http://www.baidu.com
2018-09-29 15:09:33,256 - framework - INFO - 搜索输入框输入内容
2018-09-29 15:09:33,256 - framework - INFO - 输入我我我我我我我123
2018-09-29 15:09:33,517 - framework - INFO - 点击搜索按钮
2018-09-29 15:09:33,518 - framework - INFO - 页面进入搜索结果页
2018-09-29 15:09:38,954 - framework - INFO - 打开http://www.baidu.com
2018-09-29 15:09:39,057 - framework - INFO - 搜索输入框输入内容
2018-09-29 15:09:39,058 - framework - INFO - 输入slenium
2018-09-29 15:09:39,323 - framework - INFO - 点击搜索按钮
2018-09-29 15:09:39,324 - framework - INFO - 页面进入搜索结果页
2018-09-29 15:09:39,977 - framework - INFO - ******测试结束******
2018-09-29 15:10:10,232 - framework - INFO - *****开始执行测试*****
2018-09-29 15:10:15,114 - framework - INFO - 打开http://www.baidu.com
2018-09-29 15:10:15,258 - framework - INFO - 搜索输入框输入内容
2018-09-29 15:10:15,259 - framework - INFO - 输入我我我我我我我123
2018-09-29 15:10:15,552 - framework - INFO - 点击搜索按钮
2018-09-29 15:10:15,552 - framework - INFO - 页面进入搜索结果页
2018-09-29 15:10:20,755 - framework - INFO - 打开http://www.baidu.com
2018-09-29 15:10:20,930 - framework - INFO - 搜索输入框输入内容
2018-09-29 15:10:20,930 - framework - INFO - 输入slenium
2018-09-29 15:10:21,238 - framework - INFO - 点击搜索按钮
2018-09-29 15:10:21,239 - framework - INFO - 页面进入搜索结果页
2018-09-29 15:10:21,877 - framework - INFO - ******测试结束******
2018-09-29 15:11:33,454 - framework - INFO - *****开始执行测试*****
2018-09-29 15:11:42,948 - framework - INFO - 打开http://www.baidu.com
2018-09-29 15:11:43,128 - framework - INFO - 搜索输入框输入内容
2018-09-29 15:11:43,129 - framework - INFO - 输入我我我我我我我123
2018-09-29 15:11:43,406 - framework - INFO - 点击搜索按钮
2018-09-29 15:11:43,406 - framework - INFO - 页面进入搜索结果页
2018-09-29 15:11:54,914 - framework - INFO - 打开http://www.baidu.com
2018-09-29 15:11:55,087 - framework - INFO - 搜索输入框输入内容
2018-09-29 15:11:55,087 - framework - INFO - 输入slenium
2018-09-29 15:11:55,365 - framework - INFO - 点击搜索按钮
2018-09-29 15:11:55,366 - framework - INFO - 页面进入搜索结果页
2018-09-29 15:11:56,163 - framework - INFO - ******测试结束******
2018-09-29 15:13:11,124 - framework - INFO - *****开始执行测试*****
2018-09-29 15:13:21,339 - framework - INFO - 打开http://www.baidu.com
2018-09-29 15:13:21,492 - framework - INFO - 搜索输入框输入内容
2018-09-29 15:13:21,492 - framework - INFO - 输入我我我我我我我123
2018-09-29 15:13:21,779 - framework - INFO - 点击搜索按钮
2018-09-29 15:13:21,779 - framework - INFO - 页面进入搜索结果页
2018-09-29 15:13:21,784 - framework - INFO - ******测试结束******
2018-09-29 15:15:33,418 - framework - INFO - *****开始执行测试*****
2018-09-29 15:15:42,617 - framework - INFO - 打开http://www.baidu.com
2018-09-29 15:15:42,788 - framework - INFO - 搜索输入框输入内容
2018-09-29 15:15:42,788 - framework - INFO - 输入我我我我我我我123
2018-09-29 15:15:43,477 - framework - INFO - 点击搜索按钮
2018-09-29 15:15:43,478 - framework - INFO - 页面进入搜索结果页
2018-09-29 15:15:43,481 - framework - INFO - ******测试结束******
2018-09-29 15:16:10,242 - framework - INFO - *****开始执行测试*****
2018-09-29 15:16:19,640 - framework - INFO - 打开http://www.baidu.com
2018-09-29 15:16:19,826 - framework - INFO - 搜索输入框输入内容
2018-09-29 15:16:19,826 - framework - INFO - 输入我我我我我我我123
2018-09-29 15:16:20,125 - framework - INFO - 点击搜索按钮
2018-09-29 15:16:20,126 - framework - INFO - 页面进入搜索结果页
2018-09-29 15:16:20,131 - framework - INFO - ******测试结束******
2018-09-29 15:17:42,593 - framework - INFO - *****开始执行测试*****
2018-09-29 15:17:53,183 - framework - INFO - 打开http://www.baidu.com
2018-09-29 15:17:53,340 - framework - INFO - 搜索输入框输入内容
2018-09-29 15:17:53,340 - framework - INFO - 输入我我我我我我我123
2018-09-29 15:17:53,759 - framework - INFO - 点击搜索按钮
2018-09-29 15:17:53,760 - framework - INFO - 页面进入搜索结果页
2018-09-29 15:17:58,809 - framework - INFO - ******测试结束******
2018-09-29 15:28:57,974 - framework - INFO - *****开始执行测试*****
2018-09-29 15:29:08,310 - framework - INFO - 打开http://www.baidu.com
2018-09-29 15:29:08,475 - framework - INFO - 搜索输入框输入内容
2018-09-29 15:29:08,475 - framework - INFO - 输入我我我我我我我123
2018-09-29 15:29:08,752 - framework - INFO - 点击搜索按钮
2018-09-29 15:29:08,752 - framework - INFO - 页面进入搜索结果页
2018-09-29 15:29:11,791 - framework - INFO - ******测试结束******
2018-09-29 15:30:37,290 - framework - INFO - *****开始执行测试*****
2018-09-29 15:30:47,320 - framework - INFO - 打开http://www.baidu.com
2018-09-29 15:30:47,545 - framework - INFO - 搜索输入框输入内容
2018-09-29 15:30:47,546 - framework - INFO - 输入我我我我我我我123
2018-09-29 15:30:47,816 - framework - INFO - 点击搜索按钮
2018-09-29 15:30:47,816 - framework - INFO - 页面进入搜索结果页
2018-09-29 15:30:48,454 - framework - INFO - ******测试结束******
2018-09-29 15:31:40,960 - framework - INFO - *****开始执行测试*****
2018-09-29 15:31:49,996 - framework - INFO - 打开http://www.baidu.com
2018-09-29 15:31:50,203 - framework - INFO - 搜索输入框输入内容
2018-09-29 15:31:50,203 - framework - INFO - 输入我我我我我我我123
2018-09-29 15:31:50,475 - framework - INFO - 点击搜索按钮
2018-09-29 15:31:50,475 - framework - INFO - 页面进入搜索结果页
2018-09-29 15:31:51,126 - framework - INFO - ******测试结束******
2018-09-29 15:32:09,707 - framework - INFO - *****开始执行测试*****
2018-09-29 15:32:18,904 - framework - INFO - 打开http://www.baidu.com
2018-09-29 15:32:19,051 - framework - INFO - 搜索输入框输入内容
2018-09-29 15:32:19,052 - framework - INFO - 输入我我我我我我我123
2018-09-29 15:32:19,326 - framework - INFO - 点击搜索按钮
2018-09-29 15:32:19,326 - framework - INFO - 页面进入搜索结果页
2018-09-29 15:32:19,328 - framework - INFO - ******测试结束******
2018-09-29 15:34:03,756 - framework - INFO - *****开始执行测试*****
2018-09-29 15:34:07,834 - framework - INFO - 打开http://www.baidu.com
2018-09-29 15:34:07,970 - framework - INFO - 搜索输入框输入内容
2018-09-29 15:34:07,971 - framework - INFO - 输入我我我我我我我123
2018-09-29 15:34:08,239 - framework - INFO - 点击搜索按钮
2018-09-29 15:34:08,240 - framework - INFO - 页面进入搜索结果页
2018-09-29 15:34:11,276 - framework - INFO - ******测试结束******
2018-09-29 15:35:30,916 - framework - INFO - *****开始执行测试*****
2018-09-29 15:35:36,032 - framework - INFO - 打开http://www.baidu.com
2018-09-29 15:35:36,166 - framework - INFO - 搜索输入框输入内容
2018-09-29 15:35:36,167 - framework - INFO - 输入我我我我我我我123
2018-09-29 15:35:36,437 - framework - INFO - 点击搜索按钮
2018-09-29 15:35:36,437 - framework - INFO - 页面进入搜索结果页
2018-09-29 15:35:39,465 - framework - INFO - ******测试结束******
2018-09-29 15:38:18,051 - framework - INFO - *****开始执行测试*****
2018-09-29 15:38:22,024 - framework - INFO - 打开http://www.baidu.com
2018-09-29 15:38:22,161 - framework - INFO - 搜索输入框输入内容
2018-09-29 15:38:22,161 - framework - INFO - 输入我我我我我我我123
2018-09-29 15:38:22,420 - framework - INFO - 点击搜索按钮
2018-09-29 15:38:25,436 - framework - INFO - 页面进入搜索结果页
2018-09-29 15:38:25,461 - framework - INFO - ******测试结束******
2018-09-29 15:38:53,160 - framework - INFO - *****开始执行测试*****
2018-09-29 15:38:57,254 - framework - INFO - 打开http://www.baidu.com
2018-09-29 15:38:57,397 - framework - INFO - 搜索输入框输入内容
2018-09-29 15:38:57,397 - framework - INFO - 输入我我我我我我我123
2018-09-29 15:38:57,655 - framework - INFO - 点击搜索按钮
2018-09-29 15:39:02,671 - framework - INFO - 页面进入搜索结果页
2018-09-29 15:39:02,690 - framework - INFO - ******测试结束******
2018-09-29 15:40:02,153 - framework - INFO - *****开始执行测试*****
2018-09-29 15:40:06,029 - framework - INFO - 打开http://www.baidu.com
2018-09-29 15:40:06,172 - framework - INFO - 搜索输入框输入内容
2018-09-29 15:40:06,172 - framework - INFO - 输入我我我我我我我123
2018-09-29 15:40:06,438 - framework - INFO - 点击搜索按钮
2018-09-29 15:40:06,438 - framework - INFO - 页面进入搜索结果页
2018-09-29 15:40:06,440 - framework - INFO - ******测试结束******
2018-09-29 15:40:23,754 - framework - INFO - *****开始执行测试*****
2018-09-29 15:40:27,768 - framework - INFO - 打开http://www.baidu.com
2018-09-29 15:40:28,034 - framework - INFO - 搜索输入框输入内容
2018-09-29 15:40:28,035 - framework - INFO - 输入我我我我我我我123
2018-09-29 15:40:28,788 - framework - INFO - 点击搜索按钮
2018-09-29 15:40:28,790 - framework - INFO - ******测试结束******
2018-09-29 15:43:35,430 - framework - INFO - *****开始执行测试*****
2018-09-29 15:43:40,399 - framework - INFO - 打开http://www.baidu.com
2018-09-29 15:43:40,541 - framework - INFO - 搜索输入框输入内容
2018-09-29 15:43:40,542 - framework - INFO - 输入我我我我我我我123
2018-09-29 15:43:40,806 - framework - INFO - 点击搜索按钮
2018-09-29 15:43:40,809 - framework - INFO - ******测试结束******
2018-09-29 15:44:04,393 - framework - INFO - *****开始执行测试*****
2018-09-29 15:44:09,473 - framework - INFO - 打开http://www.baidu.com
2018-09-29 15:44:09,618 - framework - INFO - 搜索输入框输入内容
2018-09-29 15:44:09,618 - framework - INFO - 输入我我我我我我我123
2018-09-29 15:44:09,893 - framework - INFO - 点击搜索按钮
2018-09-29 15:44:09,897 - framework - INFO - ******测试结束******
2018-09-29 15:45:29,732 - framework - INFO - *****开始执行测试*****
2018-09-29 15:45:33,690 - framework - INFO - 打开http://www.baidu.com
2018-09-29 15:45:33,819 - framework - INFO - 搜索输入框输入内容
2018-09-29 15:45:33,819 - framework - INFO - 输入我我我我我我我123
2018-09-29 15:45:35,759 - framework - INFO - 点击搜索按钮
2018-09-29 15:45:37,765 - framework - INFO - ******测试结束******
2018-09-29 15:45:59,451 - framework - INFO - *****开始执行测试*****
2018-09-29 15:46:03,449 - framework - INFO - 打开http://www.baidu.com
2018-09-29 15:46:03,592 - framework - INFO - 搜索输入框输入内容
2018-09-29 15:46:03,592 - framework - INFO - 输入我我我我我我我123
2018-09-29 15:46:03,861 - framework - INFO - 点击搜索按钮
2018-09-29 15:46:05,866 - framework - INFO - ******测试结束******
2018-09-29 15:47:16,616 - framework - INFO - *****开始执行测试*****
2018-09-29 15:47:20,394 - framework - INFO - 打开http://www.baidu.com
2018-09-29 15:47:20,546 - framework - INFO - 搜索输入框输入内容
2018-09-29 15:47:20,546 - framework - INFO - 输入我我我我我我我123
2018-09-29 15:47:20,813 - framework - INFO - 点击搜索按钮
2018-09-29 15:47:25,829 - framework - INFO - 页面进入搜索结果页
2018-09-29 15:47:25,849 - framework - INFO - ******测试结束******
2018-09-29 15:47:38,242 - framework - INFO - *****开始执行测试*****
2018-09-29 15:47:42,240 - framework - INFO - 打开http://www.baidu.com
2018-09-29 15:47:42,378 - framework - INFO - 搜索输入框输入内容
2018-09-29 15:47:42,378 - framework - INFO - 输入我我我我我我我123
2018-09-29 15:47:42,644 - framework - INFO - 点击搜索按钮
2018-09-29 15:47:47,663 - framework - INFO - 页面进入搜索结果页
2018-09-29 15:47:47,699 - framework - INFO - ******测试结束******
2018-09-29 15:47:51,420 - framework - INFO - *****开始执行测试*****
2018-09-29 15:47:55,406 - framework - INFO - 打开http://www.baidu.com
2018-09-29 15:47:55,557 - framework - INFO - 搜索输入框输入内容
2018-09-29 15:47:55,557 - framework - INFO - 输入我我我我我我我123
2018-09-29 15:47:55,840 - framework - INFO - 点击搜索按钮
2018-09-29 15:48:00,856 - framework - INFO - 页面进入搜索结果页
2018-09-29 15:48:01,093 - framework - INFO - ******测试结束******
2018-09-29 15:57:44,785 - framework - INFO - *****开始执行测试*****
2018-09-29 15:57:49,873 - framework - INFO - 打开http://www.baidu.com
2018-09-29 15:57:50,017 - framework - INFO - 搜索输入框输入内容
2018-09-29 15:57:50,017 - framework - INFO - 输入我我我我我我我123
2018-09-29 15:57:50,285 - framework - INFO - 点击搜索按钮
2018-09-29 15:57:55,864 - framework - INFO - ******测试结束******
2018-09-29 16:01:45,332 - framework - INFO - 打开http://www.baidu.com
2018-09-29 16:01:45,477 - framework - INFO - 搜索输入框输入内容
2018-09-29 16:01:45,477 - framework - INFO - 输入我我我我我我我123
2018-09-29 16:01:46,179 - framework - INFO - 点击搜索按钮
2018-09-29 16:05:30,452 - framework - INFO - 打开http://www.baidu.com
2018-09-29 16:05:30,585 - framework - INFO - 搜索输入框输入内容
2018-09-29 16:05:30,586 - framework - INFO - 输入我我我我我我我123
2018-09-29 16:05:30,864 - framework - INFO - 点击搜索按钮
2018-09-29 16:06:45,130 - framework - INFO - 打开http://www.baidu.com
2018-09-29 16:06:45,304 - framework - INFO - 搜索输入框输入内容
2018-09-29 16:06:45,304 - framework - INFO - 输入我我我我我我我123
2018-09-29 16:06:45,571 - framework - INFO - 点击搜索按钮
2018-09-29 16:09:28,828 - framework - INFO - 打开http://www.baidu.com
2018-09-29 16:09:28,961 - framework - INFO - 搜索输入框输入内容
2018-09-29 16:09:28,962 - framework - INFO - 输入我我我我我我我123
2018-09-29 16:09:29,223 - framework - INFO - 点击搜索按钮
2018-09-29 16:09:34,328 - framework - INFO - 页面进入搜索结果页
2018-09-29 16:10:41,940 - framework - INFO - 打开http://www.baidu.com
2018-09-29 16:10:42,114 - framework - INFO - 搜索输入框输入内容
2018-09-29 16:10:42,115 - framework - INFO - 输入我我我我我我我123
2018-09-29 16:10:42,861 - framework - INFO - 点击搜索按钮
2018-09-29 16:10:48,080 - framework - INFO - 页面进入搜索结果页
2018-09-29 16:11:36,625 - framework - INFO - 打开http://www.baidu.com
2018-09-29 16:11:36,772 - framework - INFO - 搜索输入框输入内容
2018-09-29 16:11:36,772 - framework - INFO - 输入我我我我我我我123
2018-09-29 16:11:37,036 - framework - INFO - 点击搜索按钮
2018-09-29 16:11:42,153 - framework - INFO - 页面进入搜索结果页
