2018-10-10 15:01:16,223 - framework - INFO - *****开始执行测试*****
2018-10-10 15:01:16,223 - framework - ERROR - '_TestResult' object has no attribute 'outputBuffer'
2018-10-10 15:01:16,224 - framework - INFO - ******测试结束******
2018-10-10 15:02:25,770 - framework - INFO - *****开始执行测试*****
2018-10-10 15:02:25,771 - framework - ERROR - '_TestResult' object has no attribute 'outputBuffer'
2018-10-10 15:02:25,771 - framework - INFO - ******测试结束******
2018-10-10 15:02:37,284 - framework - INFO - *****开始执行测试*****
2018-10-10 15:02:37,285 - framework - ERROR - '_TestResult' object has no attribute 'outputBuffer'
2018-10-10 15:02:37,285 - framework - INFO - ******测试结束******
2018-10-10 15:04:48,335 - framework - INFO - *****开始执行测试*****
2018-10-10 15:04:48,338 - framework - INFO - ******测试结束******
2018-10-10 15:07:21,757 - framework - INFO - *****开始执行测试*****
2018-10-10 15:07:21,759 - framework - INFO - ******测试结束******
2018-10-10 15:09:17,816 - framework - INFO - *****开始执行测试*****
2018-10-10 15:09:17,818 - framework - INFO - ******测试结束******
2018-10-10 15:11:42,509 - framework - INFO - *****开始执行测试*****
2018-10-10 15:11:49,031 - framework - INFO - 打开http://www.baidu.com
2018-10-10 15:11:49,201 - framework - INFO - 搜索输入框输入内容
2018-10-10 15:11:49,202 - framework - INFO - 输入我我我我我我我123
2018-10-10 15:11:49,485 - framework - INFO - 点击搜索按钮
2018-10-10 15:11:54,617 - framework - INFO - 页面进入搜索结果页
2018-10-10 15:11:54,647 - framework - INFO - ******测试结束******
2018-10-10 15:14:47,935 - framework - INFO - *****开始执行测试*****
2018-10-10 15:14:53,353 - framework - INFO - 打开http://www.baidu.com
2018-10-10 15:14:53,499 - framework - INFO - 搜索输入框输入内容
2018-10-10 15:14:53,500 - framework - INFO - 输入我我我我我我我123
2018-10-10 15:14:53,772 - framework - INFO - 点击搜索按钮
2018-10-10 15:14:58,869 - framework - INFO - 页面进入搜索结果页
2018-10-10 15:14:58,890 - framework - INFO - ******测试结束******
2018-10-10 15:18:56,585 - framework - INFO - *****开始执行测试*****
2018-10-10 15:19:02,077 - framework - INFO - 打开http://www.baidu.com
2018-10-10 15:19:02,230 - framework - INFO - 搜索输入框输入内容
2018-10-10 15:19:02,231 - framework - INFO - 输入我我我我我我我123
2018-10-10 15:19:02,500 - framework - INFO - 点击搜索按钮
2018-10-10 15:19:07,624 - framework - INFO - 页面进入搜索结果页
2018-10-10 15:19:08,344 - framework - INFO - ******测试结束******
2018-10-10 15:30:54,100 - framework - INFO - *****开始执行测试*****
2018-10-10 15:30:59,322 - framework - INFO - 打开http://www.baidu.com
2018-10-10 15:30:59,509 - framework - INFO - 搜索输入框输入内容
2018-10-10 15:30:59,510 - framework - INFO - 输入我我我我我我我123
2018-10-10 15:30:59,766 - framework - INFO - 点击搜索按钮
2018-10-10 15:31:04,874 - framework - INFO - 页面进入搜索结果页
2018-10-10 15:31:05,468 - framework - INFO - ******测试结束******
2018-10-10 15:33:21,665 - framework - INFO - *****开始执行测试*****
2018-10-10 15:33:27,809 - framework - INFO - 打开http://www.baidu.com
2018-10-10 15:33:28,089 - framework - INFO - 搜索输入框输入内容
2018-10-10 15:33:28,089 - framework - INFO - 输入我我我我我我我123
2018-10-10 15:33:58,676 - framework - INFO - ******测试结束******
2018-10-10 15:35:25,486 - framework - INFO - *****开始执行测试*****
2018-10-10 15:35:31,521 - framework - INFO - 打开http://www.baidu.com
2018-10-10 15:35:31,830 - framework - INFO - 搜索输入框输入内容
2018-10-10 15:35:31,830 - framework - INFO - 输入我我我我我我我123
2018-10-10 15:36:02,635 - framework - INFO - ******测试结束******
2018-10-10 15:37:43,398 - framework - INFO - *****开始执行测试*****
2018-10-10 15:37:48,639 - framework - INFO - 打开http://www.baidu.com
2018-10-10 15:38:19,187 - framework - INFO - ******测试结束******
2018-10-10 15:42:00,869 - framework - INFO - error：*****没发现测试用例*****
2018-10-10 15:42:00,869 - framework - INFO - ******测试结束******
2018-10-10 15:42:15,271 - framework - ERROR - error：*****没发现测试用例*****
2018-10-10 15:42:15,272 - framework - INFO - ******测试结束******
2018-10-10 15:43:42,278 - framework - INFO - *****开始执行测试*****
2018-10-10 15:43:46,422 - framework - INFO - 打开http://www.baidu.com
2018-10-10 15:44:17,083 - framework - INFO - ******测试结束******
2018-10-10 15:56:49,094 - framework - INFO - *****开始执行测试*****
2018-10-10 15:56:54,345 - framework - INFO - 打开http://www.baidu.com
2018-10-10 15:57:25,102 - framework - INFO - ******测试结束******
2018-10-10 15:59:53,223 - framework - INFO - *****开始执行测试*****
2018-10-10 15:59:58,621 - framework - INFO - 打开http://www.baidu.com
2018-10-10 16:00:29,176 - framework - INFO - ******测试结束******
2018-10-10 16:00:55,046 - framework - INFO - *****开始执行测试*****
2018-10-10 16:01:00,126 - framework - INFO - 打开http://www.baidu.com
2018-10-10 16:01:30,686 - framework - INFO - ******测试结束******
2018-10-10 16:02:30,838 - framework - INFO - *****开始执行测试*****
2018-10-10 16:02:36,368 - framework - INFO - 打开http://www.baidu.com
2018-10-10 16:03:07,420 - framework - INFO - ******测试结束******
2018-10-10 16:04:21,364 - framework - INFO - *****开始执行测试*****
2018-10-10 16:04:26,430 - framework - INFO - 打开http://www.baidu.com
2018-10-10 16:04:56,952 - framework - ERROR - Message: 

2018-10-10 16:04:57,488 - framework - INFO - ******测试结束******
2018-10-10 16:08:14,909 - framework - INFO - *****开始执行测试*****
2018-10-10 16:08:20,108 - framework - INFO - 打开http://www.baidu.com
2018-10-10 16:08:50,623 - framework - ERROR - 未找到指定元素Message: 

2018-10-10 16:08:51,387 - framework - INFO - ******测试结束******
