2018-11-06 09:07:11,000 - framework - INFO - *****开始执行测试*****
2018-11-06 09:07:17,092 - framework - INFO - 打开http://www.baidu.com
2018-11-06 09:07:24,905 - framework - INFO - ******测试结束******
2018-11-06 14:43:47,714 - framework - INFO - *****开始执行测试*****
2018-11-06 14:43:53,485 - framework - INFO - 打开http://www.baidu.com
2018-11-06 14:44:00,803 - framework - ERROR - 'module' object is not callable
2018-11-06 14:44:00,805 - framework - INFO - ******测试结束******
2018-11-06 14:45:31,758 - framework - INFO - *****开始执行测试*****
2018-11-06 14:45:37,953 - framework - INFO - 打开http://www.baidu.com
2018-11-06 14:45:45,431 - framework - ERROR - 'module' object is not callable
2018-11-06 14:45:45,431 - framework - INFO - ******测试结束******
2018-11-06 14:46:51,788 - framework - INFO - *****开始执行测试*****
2018-11-06 14:46:57,775 - framework - INFO - 打开http://www.baidu.com
2018-11-06 14:47:04,993 - framework - ERROR - 'module' object is not callable
2018-11-06 14:47:04,993 - framework - INFO - ******测试结束******
2018-11-06 14:49:17,634 - framework - INFO - *****开始执行测试*****
2018-11-06 14:49:22,929 - framework - INFO - 打开http://www.baidu.com
2018-11-06 14:49:30,175 - framework - ERROR - 'module' object is not callable
2018-11-06 14:49:30,175 - framework - INFO - ******测试结束******
2018-11-06 14:51:45,654 - framework - INFO - *****开始执行测试*****
2018-11-06 14:51:50,992 - framework - INFO - 打开http://www.baidu.com
2018-11-06 14:51:58,334 - framework - INFO - ******测试结束******
2018-11-06 14:54:47,985 - framework - INFO - *****开始执行测试*****
2018-11-06 14:54:53,302 - framework - INFO - 打开http://www.baidu.com
2018-11-06 14:55:00,638 - framework - INFO - ******测试结束******
2018-11-06 15:52:26,573 - framework - INFO - *****开始执行测试*****
2018-11-06 15:52:32,101 - framework - INFO - 打开http://www.baidu.com
2018-11-06 15:52:39,615 - framework - INFO - ******测试结束******
2018-11-06 15:53:38,468 - framework - INFO - *****开始执行测试*****
2018-11-06 15:53:44,061 - framework - INFO - 打开http://www.baidu.com
2018-11-06 15:53:51,388 - framework - INFO - ******测试结束******
2018-11-06 15:55:34,061 - framework - INFO - *****开始执行测试*****
2018-11-06 15:55:39,402 - framework - INFO - 打开http://www.baidu.com
2018-11-06 15:55:51,685 - framework - INFO - 打开http://www.baidu.com
2018-11-06 15:55:58,659 - framework - INFO - ******测试结束******
2018-11-06 15:58:48,551 - framework - INFO - *****开始执行测试*****
2018-11-06 15:58:53,803 - framework - INFO - ******测试结束******
2018-11-06 16:02:01,335 - framework - INFO - *****开始执行测试*****
2018-11-06 16:02:06,492 - framework - INFO - 打开http://www.baidu.com
2018-11-06 16:02:18,804 - framework - INFO - 打开http://www.baidu.com
2018-11-06 16:02:25,244 - framework - INFO - ******测试结束******
2018-11-06 17:33:16,998 - framework - INFO - *****开始执行测试*****
2018-11-06 17:33:17,000 - framework - ERROR - __init__() got an unexpected keyword argument 'tester'
2018-11-06 17:33:17,000 - framework - INFO - ******测试结束******
2018-11-06 17:33:49,096 - framework - INFO - *****开始执行测试*****
2018-11-06 17:33:49,097 - framework - ERROR - __init__() got an unexpected keyword argument 'need_screenshot'
2018-11-06 17:33:49,097 - framework - INFO - ******测试结束******
2018-11-06 17:33:56,683 - framework - INFO - *****开始执行测试*****
2018-11-06 17:34:02,398 - framework - INFO - 打开http://www.baidu.com
2018-11-06 17:34:14,509 - framework - INFO - 打开http://www.baidu.com
2018-11-06 17:34:20,795 - framework - INFO - ******测试结束******
2018-11-06 17:43:02,517 - framework - INFO - *****开始执行测试*****
2018-11-06 17:43:02,518 - framework - INFO - ******测试结束******
2018-11-06 17:43:20,687 - framework - INFO - *****开始执行测试*****
2018-11-06 17:43:20,688 - framework - INFO - ******测试结束******
2018-11-06 17:43:38,435 - framework - INFO - *****开始执行测试*****
2018-11-06 17:43:38,436 - framework - INFO - ******测试结束******
2018-11-06 17:45:34,616 - framework - INFO - *****开始执行测试*****
2018-11-06 17:45:40,173 - framework - INFO - 打开http://www.baidu.com
2018-11-06 17:45:52,734 - framework - INFO - 打开http://www.baidu.com
2018-11-06 17:45:58,873 - framework - ERROR - Message: Tried to run command without establishing a connection

2018-11-06 17:45:58,873 - framework - INFO - ******测试结束******
2018-11-06 17:46:26,964 - framework - INFO - *****开始执行测试*****
2018-11-06 17:46:32,693 - framework - INFO - 打开http://www.baidu.com
2018-11-06 17:46:45,133 - framework - INFO - 打开http://www.baidu.com
2018-11-06 17:46:51,482 - framework - ERROR - Message: Tried to run command without establishing a connection

2018-11-06 17:46:51,482 - framework - INFO - ******测试结束******
2018-11-06 17:47:12,060 - framework - INFO - *****开始执行测试*****
2018-11-06 17:47:17,666 - framework - INFO - 打开http://www.baidu.com
2018-11-06 17:47:23,870 - framework - INFO - ******测试结束******
2018-11-06 18:06:13,582 - framework - INFO - *****开始执行测试*****
2018-11-06 18:06:18,694 - framework - INFO - 打开http://www.baidu.com
2018-11-06 18:06:26,901 - framework - INFO - ******测试结束******
